WARNING: failed to reach any of the inventories with the following issues:
intersphinx inventory 'https://scikit-learn.org/stable/objects.inv' not fetchable due to <class 'requests.exceptions.ProxyError'>: HTTPSConnectionPool(host='scikit-learn.org', port=443): Max retries exceeded with url: /stable/objects.inv (Caused by ProxyError('Cannot connect to proxy.', NewConnectionError('<urllib3.connection.HTTPSConnection object at 0x0000020646540730>: Failed to establish a new connection: [WinError 10061] No connection could be made because the target machine actively refused it')))
WARNING: failed to reach any of the inventories with the following issues:
intersphinx inventory 'https://docs.python.org/3/objects.inv' not fetchable due to <class 'requests.exceptions.ProxyError'>: HTTPSConnectionPool(host='docs.python.org', port=443): Max retries exceeded with url: /3/objects.inv (Caused by ProxyError('Cannot connect to proxy.', NewConnectionError('<urllib3.connection.HTTPSConnection object at 0x0000020646540340>: Failed to establish a new connection: [WinError 10061] No connection could be made because the target machine actively refused it')))
WARNING: failed to reach any of the inventories with the following issues:
intersphinx inventory 'https://numpy.org/doc/stable/objects.inv' not fetchable due to <class 'requests.exceptions.ProxyError'>: HTTPSConnectionPool(host='numpy.org', port=443): Max retries exceeded with url: /doc/stable/objects.inv (Caused by ProxyError('Cannot connect to proxy.', NewConnectionError('<urllib3.connection.HTTPSConnection object at 0x0000020646540A60>: Failed to establish a new connection: [WinError 10061] No connection could be made because the target machine actively refused it')))
D:\projects\base-attentive\docs\components_reference.rst:176: WARNING: Title underline too short.

Multi-Head Attention
~~~~~~~~~~~~~~~~~~~
D:\projects\base-attentive\docs\components_reference.rst:176: WARNING: Title underline too short.

Multi-Head Attention
~~~~~~~~~~~~~~~~~~~
D:\projects\base-attentive\docs\components_reference.rst:194: WARNING: Title underline too short.

Multi-Horizon Decoding
~~~~~~~~~~~~~~~~~~~~~
D:\projects\base-attentive\docs\components_reference.rst:194: WARNING: Title underline too short.

Multi-Horizon Decoding
~~~~~~~~~~~~~~~~~~~~~
D:\projects\base-attentive\docs\development.rst:338: WARNING: Line block ends without a blank line.
D:\projects\base-attentive\docs\development.rst:338: ERROR: Undefined substitution referenced: "----------".
D:\projects\base-attentive\docs\development.rst:338: ERROR: Undefined substitution referenced: "---------".
D:\projects\base-attentive\docs\backends.rst: WARNING: document isn't included in any toctree
WARNING: unsupported theme option 'display_version' given

Exception occurred:
  File "C:\Users\Daniel\anaconda3\lib\site-packages\sphinx\application.py", line 385, in build
    os.unlink(envfile)
PermissionError: [WinError 5] Access is denied: 'D:\\projects\\base-attentive\\docs\\_build_check4\\html\\.doctrees\\environment.pickle'
The full traceback has been saved in C:\Users\Daniel\AppData\Local\Temp\sphinx-err-31qh7mtk.log, if you want to report the issue to the developers.
Please also report this if it was a user error, so that a better error message can be provided next time.
A bug report can be filed in the tracker at <https://github.com/sphinx-doc/sphinx/issues>. Thanks!
